{"C:\\Users\\kayle\\Desktop\\Coding\\Technical Assessments\\Ionic\\ConferenceRoomBooking_Frontend\\src\\components\\auth\\RegisterForm.tsx": {"path":"C:\\Users\\kayle\\Desktop\\Coding\\Technical Assessments\\Ionic\\ConferenceRoomBooking_Frontend\\src\\components\\auth\\RegisterForm.tsx","statementMap":{"0":{"start":{"line":10,"column":21},"end":{"line":156,"column":null}},"1":{"start":{"line":11,"column":29},"end":{"line":17,"column":null}},"2":{"start":{"line":18,"column":23},"end":{"line":18,"column":null}},"3":{"start":{"line":19,"column":31},"end":{"line":19,"column":null}},"4":{"start":{"line":20,"column":18},"end":{"line":20,"column":null}},"5":{"start":{"line":21,"column":7},"end":{"line":21,"column":null}},"6":{"start":{"line":22,"column":29},"end":{"line":22,"column":null}},"7":{"start":{"line":24,"column":22},"end":{"line":47,"column":null}},"8":{"start":{"line":25,"column":2},"end":{"line":25,"column":null}},"9":{"start":{"line":26,"column":2},"end":{"line":26,"column":null}},"10":{"start":{"line":27,"column":2},"end":{"line":27,"column":null}},"11":{"start":{"line":30,"column":2},"end":{"line":37,"column":null}},"12":{"start":{"line":31,"column":22},"end":{"line":31,"column":null}},"13":{"start":{"line":32,"column":3},"end":{"line":36,"column":null}},"14":{"start":{"line":33,"column":4},"end":{"line":33,"column":null}},"15":{"start":{"line":34,"column":4},"end":{"line":34,"column":null}},"16":{"start":{"line":35,"column":4},"end":{"line":35,"column":null}},"17":{"start":{"line":39,"column":2},"end":{"line":46,"column":null}},"18":{"start":{"line":40,"column":3},"end":{"line":40,"column":null}},"19":{"start":{"line":41,"column":3},"end":{"line":41,"column":null}},"20":{"start":{"line":43,"column":3},"end":{"line":43,"column":null}},"21":{"start":{"line":45,"column":3},"end":{"line":45,"column":null}},"22":{"start":{"line":49,"column":22},"end":{"line":51,"column":null}},"23":{"start":{"line":50,"column":2},"end":{"line":50,"column":null}},"24":{"start":{"line":50,"column":25},"end":{"line":50,"column":53}},"25":{"start":{"line":53,"column":1},"end":{"line":154,"column":null}},"26":{"start":{"line":67,"column":23},"end":{"line":67,"column":null}},"27":{"start":{"line":81,"column":23},"end":{"line":81,"column":null}},"28":{"start":{"line":96,"column":22},"end":{"line":96,"column":null}},"29":{"start":{"line":110,"column":22},"end":{"line":110,"column":null}},"30":{"start":{"line":123,"column":22},"end":{"line":123,"column":null}}},"fnMap":{"0":{"name":"(anonymous_0)","decl":{"start":{"line":10,"column":21},"end":{"line":10,"column":22}},"loc":{"start":{"line":10,"column":65},"end":{"line":156,"column":null}},"line":10},"1":{"name":"(anonymous_1)","decl":{"start":{"line":24,"column":22},"end":{"line":24,"column":29}},"loc":{"start":{"line":24,"column":46},"end":{"line":47,"column":null}},"line":24},"2":{"name":"(anonymous_2)","decl":{"start":{"line":49,"column":22},"end":{"line":49,"column":23}},"loc":{"start":{"line":49,"column":56},"end":{"line":51,"column":null}},"line":49},"3":{"name":"(anonymous_3)","decl":{"start":{"line":50,"column":14},"end":{"line":50,"column":15}},"loc":{"start":{"line":50,"column":25},"end":{"line":50,"column":53}},"line":50},"4":{"name":"(anonymous_4)","decl":{"start":{"line":67,"column":16},"end":{"line":67,"column":17}},"loc":{"start":{"line":67,"column":23},"end":{"line":67,"column":null}},"line":67},"5":{"name":"(anonymous_5)","decl":{"start":{"line":81,"column":16},"end":{"line":81,"column":17}},"loc":{"start":{"line":81,"column":23},"end":{"line":81,"column":null}},"line":81},"6":{"name":"(anonymous_6)","decl":{"start":{"line":96,"column":15},"end":{"line":96,"column":16}},"loc":{"start":{"line":96,"column":22},"end":{"line":96,"column":null}},"line":96},"7":{"name":"(anonymous_7)","decl":{"start":{"line":110,"column":15},"end":{"line":110,"column":16}},"loc":{"start":{"line":110,"column":22},"end":{"line":110,"column":null}},"line":110},"8":{"name":"(anonymous_8)","decl":{"start":{"line":123,"column":15},"end":{"line":123,"column":16}},"loc":{"start":{"line":123,"column":22},"end":{"line":123,"column":null}},"line":123}},"branchMap":{"0":{"loc":{"start":{"line":30,"column":2},"end":{"line":37,"column":null}},"type":"if","locations":[{"start":{"line":30,"column":2},"end":{"line":37,"column":null}},{"start":{},"end":{}}],"line":30},"1":{"loc":{"start":{"line":32,"column":3},"end":{"line":36,"column":null}},"type":"if","locations":[{"start":{"line":32,"column":3},"end":{"line":36,"column":null}},{"start":{},"end":{}}],"line":32},"2":{"loc":{"start":{"line":43,"column":12},"end":{"line":43,"column":64}},"type":"binary-expr","locations":[{"start":{"line":43,"column":12},"end":{"line":43,"column":43}},{"start":{"line":43,"column":43},"end":{"line":43,"column":64}}],"line":43},"3":{"loc":{"start":{"line":130,"column":4},"end":{"line":133,"column":null}},"type":"binary-expr","locations":[{"start":{"line":130,"column":4},"end":{"line":130,"column":null}},{"start":{"line":131,"column":4},"end":{"line":133,"column":null}}],"line":130},"4":{"loc":{"start":{"line":141,"column":5},"end":{"line":141,"column":null}},"type":"cond-expr","locations":[{"start":{"line":141,"column":17},"end":{"line":141,"column":36}},{"start":{"line":141,"column":36},"end":{"line":141,"column":null}}],"line":141}},"s":{"0":1,"1":44,"2":44,"3":44,"4":44,"5":44,"6":44,"7":44,"8":7,"9":7,"10":7,"11":7,"12":4,"13":4,"14":1,"15":1,"16":1,"17":6,"18":6,"19":5,"20":1,"21":6,"22":44,"23":24,"24":24,"25":44,"26":5,"27":5,"28":5,"29":4,"30":5},"f":{"0":44,"1":7,"2":24,"3":24,"4":5,"5":5,"6":5,"7":4,"8":5},"b":{"0":[4,3],"1":[1,3],"2":[1,0],"3":[44,2],"4":[6,38]},"meta":{"lastBranch":5,"lastFunction":9,"lastStatement":31,"seen":{"s:10:21:156:Infinity":0,"f:10:21:10:22":0,"s:11:29:17:Infinity":1,"s:18:23:18:Infinity":2,"s:19:31:19:Infinity":3,"s:20:18:20:Infinity":4,"s:21:7:21:Infinity":5,"s:22:29:22:Infinity":6,"s:24:22:47:Infinity":7,"f:24:22:24:29":1,"s:25:2:25:Infinity":8,"s:26:2:26:Infinity":9,"s:27:2:27:Infinity":10,"b:30:2:37:Infinity:undefined:undefined:undefined:undefined":0,"s:30:2:37:Infinity":11,"s:31:22:31:Infinity":12,"b:32:3:36:Infinity:undefined:undefined:undefined:undefined":1,"s:32:3:36:Infinity":13,"s:33:4:33:Infinity":14,"s:34:4:34:Infinity":15,"s:35:4:35:Infinity":16,"s:39:2:46:Infinity":17,"s:40:3:40:Infinity":18,"s:41:3:41:Infinity":19,"s:43:3:43:Infinity":20,"b:43:12:43:43:43:43:43:64":2,"s:45:3:45:Infinity":21,"s:49:22:51:Infinity":22,"f:49:22:49:23":2,"s:50:2:50:Infinity":23,"f:50:14:50:15":3,"s:50:25:50:53":24,"s:53:1:154:Infinity":25,"f:67:16:67:17":4,"s:67:23:67:Infinity":26,"f:81:16:81:17":5,"s:81:23:81:Infinity":27,"f:96:15:96:16":6,"s:96:22:96:Infinity":28,"f:110:15:110:16":7,"s:110:22:110:Infinity":29,"f:123:15:123:16":8,"s:123:22:123:Infinity":30,"b:130:4:130:Infinity:131:4:133:Infinity":3,"b:141:17:141:36:141:36:141:Infinity":4}}}
,"C:\\Users\\kayle\\Desktop\\Coding\\Technical Assessments\\Ionic\\ConferenceRoomBooking_Frontend\\src\\components\\bookings\\BookingModal.tsx": {"path":"C:\\Users\\kayle\\Desktop\\Coding\\Technical Assessments\\Ionic\\ConferenceRoomBooking_Frontend\\src\\components\\bookings\\BookingModal.tsx","statementMap":{"0":{"start":{"line":18,"column":21},"end":{"line":771,"column":null}},"1":{"start":{"line":24,"column":14},"end":{"line":24,"column":null}},"2":{"start":{"line":25,"column":29},"end":{"line":25,"column":null}},"3":{"start":{"line":26,"column":23},"end":{"line":26,"column":null}},"4":{"start":{"line":27,"column":23},"end":{"line":27,"column":null}},"5":{"start":{"line":28,"column":45},"end":{"line":28,"column":null}},"6":{"start":{"line":29,"column":45},"end":{"line":29,"column":null}},"7":{"start":{"line":30,"column":33},"end":{"line":30,"column":null}},"8":{"start":{"line":31,"column":45},"end":{"line":31,"column":null}},"9":{"start":{"line":32,"column":57},"end":{"line":32,"column":null}},"10":{"start":{"line":33,"column":29},"end":{"line":40,"column":null}},"11":{"start":{"line":41,"column":23},"end":{"line":41,"column":null}},"12":{"start":{"line":42,"column":31},"end":{"line":42,"column":null}},"13":{"start":{"line":44,"column":1},"end":{"line":75,"column":null}},"14":{"start":{"line":45,"column":2},"end":{"line":74,"column":null}},"15":{"start":{"line":46,"column":3},"end":{"line":46,"column":null}},"16":{"start":{"line":47,"column":3},"end":{"line":47,"column":null}},"17":{"start":{"line":48,"column":3},"end":{"line":71,"column":null}},"18":{"start":{"line":49,"column":18},"end":{"line":49,"column":null}},"19":{"start":{"line":50,"column":16},"end":{"line":50,"column":null}},"20":{"start":{"line":51,"column":4},"end":{"line":58,"column":null}},"21":{"start":{"line":59,"column":4},"end":{"line":59,"column":null}},"22":{"start":{"line":61,"column":4},"end":{"line":68,"column":null}},"23":{"start":{"line":69,"column":4},"end":{"line":69,"column":null}},"24":{"start":{"line":70,"column":4},"end":{"line":70,"column":null}},"25":{"start":{"line":72,"column":3},"end":{"line":72,"column":null}},"26":{"start":{"line":73,"column":3},"end":{"line":73,"column":null}},"27":{"start":{"line":77,"column":20},"end":{"line":84,"column":null}},"28":{"start":{"line":78,"column":2},"end":{"line":83,"column":null}},"29":{"start":{"line":79,"column":20},"end":{"line":79,"column":null}},"30":{"start":{"line":80,"column":3},"end":{"line":80,"column":null}},"31":{"start":{"line":82,"column":3},"end":{"line":82,"column":null}},"32":{"start":{"line":86,"column":20},"end":{"line":100,"column":null}},"33":{"start":{"line":87,"column":2},"end":{"line":99,"column":null}},"34":{"start":{"line":89,"column":20},"end":{"line":89,"column":null}},"35":{"start":{"line":91,"column":3},"end":{"line":91,"column":null}},"36":{"start":{"line":91,"column":35},"end":{"line":91,"column":52}},"37":{"start":{"line":93,"column":3},"end":{"line":93,"column":null}},"38":{"start":{"line":94,"column":3},"end":{"line":94,"column":null}},"39":{"start":{"line":95,"column":3},"end":{"line":95,"column":null}},"40":{"start":{"line":96,"column":3},"end":{"line":96,"column":null}},"41":{"start":{"line":98,"column":3},"end":{"line":98,"column":null}},"42":{"start":{"line":102,"column":31},"end":{"line":113,"column":null}},"43":{"start":{"line":103,"column":2},"end":{"line":112,"column":null}},"44":{"start":{"line":104,"column":20},"end":{"line":104,"column":null}},"45":{"start":{"line":105,"column":22},"end":{"line":105,"column":null}},"46":{"start":{"line":105,"column":44},"end":{"line":105,"column":55}},"47":{"start":{"line":106,"column":3},"end":{"line":106,"column":null}},"48":{"start":{"line":107,"column":3},"end":{"line":107,"column":null}},"49":{"start":{"line":109,"column":3},"end":{"line":109,"column":null}},"50":{"start":{"line":110,"column":3},"end":{"line":110,"column":null}},"51":{"start":{"line":111,"column":3},"end":{"line":111,"column":null}},"52":{"start":{"line":115,"column":27},"end":{"line":138,"column":null}},"53":{"start":{"line":116,"column":2},"end":{"line":119,"column":null}},"54":{"start":{"line":117,"column":3},"end":{"line":117,"column":null}},"55":{"start":{"line":118,"column":3},"end":{"line":118,"column":null}},"56":{"start":{"line":121,"column":2},"end":{"line":137,"column":null}},"57":{"start":{"line":122,"column":3},"end":{"line":122,"column":null}},"58":{"start":{"line":123,"column":20},"end":{"line":125,"column":null}},"59":{"start":{"line":127,"column":20},"end":{"line":127,"column":null}},"60":{"start":{"line":128,"column":28},"end":{"line":130,"column":null}},"61":{"start":{"line":129,"column":38},"end":{"line":129,"column":57}},"62":{"start":{"line":131,"column":3},"end":{"line":131,"column":null}},"63":{"start":{"line":133,"column":3},"end":{"line":133,"column":null}},"64":{"start":{"line":134,"column":3},"end":{"line":134,"column":null}},"65":{"start":{"line":136,"column":3},"end":{"line":136,"column":null}},"66":{"start":{"line":140,"column":27},"end":{"line":161,"column":null}},"67":{"start":{"line":144,"column":2},"end":{"line":145,"column":null}},"68":{"start":{"line":145,"column":3},"end":{"line":145,"column":null}},"69":{"start":{"line":147,"column":19},"end":{"line":147,"column":null}},"70":{"start":{"line":148,"column":17},"end":{"line":148,"column":null}},"71":{"start":{"line":150,"column":2},"end":{"line":158,"column":null}},"72":{"start":{"line":151,"column":25},"end":{"line":151,"column":null}},"73":{"start":{"line":152,"column":23},"end":{"line":152,"column":null}},"74":{"start":{"line":155,"column":3},"end":{"line":157,"column":null}},"75":{"start":{"line":156,"column":4},"end":{"line":156,"column":null}},"76":{"start":{"line":160,"column":2},"end":{"line":160,"column":null}},"77":{"start":{"line":164,"column":1},"end":{"line":168,"column":null}},"78":{"start":{"line":165,"column":2},"end":{"line":167,"column":null}},"79":{"start":{"line":166,"column":3},"end":{"line":166,"column":null}},"80":{"start":{"line":171,"column":25},"end":{"line":174,"column":null}},"81":{"start":{"line":177,"column":27},"end":{"line":186,"column":null}},"82":{"start":{"line":178,"column":2},"end":{"line":179,"column":null}},"83":{"start":{"line":179,"column":3},"end":{"line":179,"column":null}},"84":{"start":{"line":181,"column":16},"end":{"line":181,"column":null}},"85":{"start":{"line":182,"column":14},"end":{"line":182,"column":null}},"86":{"start":{"line":184,"column":8},"end":{"line":184,"column":null}},"87":{"start":{"line":185,"column":2},"end":{"line":185,"column":null}},"88":{"start":{"line":188,"column":18},"end":{"line":188,"column":null}},"89":{"start":{"line":189,"column":28},"end":{"line":189,"column":null}},"90":{"start":{"line":190,"column":27},"end":{"line":190,"column":null}},"91":{"start":{"line":192,"column":26},"end":{"line":203,"column":null}},"92":{"start":{"line":193,"column":2},"end":{"line":202,"column":null}},"93":{"start":{"line":195,"column":3},"end":{"line":200,"column":null}},"94":{"start":{"line":196,"column":4},"end":{"line":198,"column":null}},"95":{"start":{"line":199,"column":4},"end":{"line":199,"column":null}},"96":{"start":{"line":201,"column":3},"end":{"line":201,"column":null}},"97":{"start":{"line":205,"column":29},"end":{"line":207,"column":null}},"98":{"start":{"line":206,"column":2},"end":{"line":206,"column":null}},"99":{"start":{"line":206,"column":54},"end":{"line":206,"column":67}},"100":{"start":{"line":209,"column":26},"end":{"line":218,"column":null}},"101":{"start":{"line":210,"column":2},"end":{"line":210,"column":null}},"102":{"start":{"line":210,"column":19},"end":{"line":210,"column":null}},"103":{"start":{"line":211,"column":17},"end":{"line":211,"column":null}},"104":{"start":{"line":212,"column":2},"end":{"line":217,"column":null}},"105":{"start":{"line":214,"column":4},"end":{"line":216,"column":null}},"106":{"start":{"line":220,"column":22},"end":{"line":406,"column":null}},"107":{"start":{"line":221,"column":2},"end":{"line":221,"column":null}},"108":{"start":{"line":222,"column":2},"end":{"line":222,"column":null}},"109":{"start":{"line":223,"column":2},"end":{"line":223,"column":null}},"110":{"start":{"line":225,"column":2},"end":{"line":405,"column":null}},"111":{"start":{"line":227,"column":3},"end":{"line":231,"column":null}},"112":{"start":{"line":228,"column":4},"end":{"line":228,"column":null}},"113":{"start":{"line":229,"column":4},"end":{"line":229,"column":null}},"114":{"start":{"line":230,"column":4},"end":{"line":230,"column":null}},"115":{"start":{"line":234,"column":18},"end":{"line":234,"column":null}},"116":{"start":{"line":235,"column":3},"end":{"line":239,"column":null}},"117":{"start":{"line":236,"column":4},"end":{"line":236,"column":null}},"118":{"start":{"line":237,"column":4},"end":{"line":237,"column":null}},"119":{"start":{"line":238,"column":4},"end":{"line":238,"column":null}},"120":{"start":{"line":242,"column":3},"end":{"line":246,"column":null}},"121":{"start":{"line":243,"column":4},"end":{"line":243,"column":null}},"122":{"start":{"line":244,"column":4},"end":{"line":244,"column":null}},"123":{"start":{"line":245,"column":4},"end":{"line":245,"column":null}},"124":{"start":{"line":249,"column":21},"end":{"line":253,"column":null}},"125":{"start":{"line":254,"column":3},"end":{"line":258,"column":null}},"126":{"start":{"line":255,"column":4},"end":{"line":255,"column":null}},"127":{"start":{"line":256,"column":4},"end":{"line":256,"column":null}},"128":{"start":{"line":257,"column":4},"end":{"line":257,"column":null}},"129":{"start":{"line":261,"column":20},"end":{"line":264,"column":null}},"130":{"start":{"line":265,"column":3},"end":{"line":279,"column":null}},"131":{"start":{"line":266,"column":26},"end":{"line":269,"column":null}},"132":{"start":{"line":270,"column":24},"end":{"line":273,"column":null}},"133":{"start":{"line":274,"column":4},"end":{"line":276,"column":null}},"134":{"start":{"line":277,"column":4},"end":{"line":277,"column":null}},"135":{"start":{"line":278,"column":4},"end":{"line":278,"column":null}},"136":{"start":{"line":282,"column":25},"end":{"line":284,"column":null}},"137":{"start":{"line":285,"column":23},"end":{"line":285,"column":null}},"138":{"start":{"line":287,"column":24},"end":{"line":293,"column":null}},"139":{"start":{"line":296,"column":3},"end":{"line":298,"column":null}},"140":{"start":{"line":297,"column":4},"end":{"line":297,"column":null}},"141":{"start":{"line":300,"column":3},"end":{"line":300,"column":null}},"142":{"start":{"line":302,"column":3},"end":{"line":345,"column":null}},"143":{"start":{"line":303,"column":4},"end":{"line":303,"column":null}},"144":{"start":{"line":306,"column":26},"end":{"line":308,"column":null}},"145":{"start":{"line":307,"column":13},"end":{"line":307,"column":null}},"146":{"start":{"line":309,"column":29},"end":{"line":311,"column":null}},"147":{"start":{"line":310,"column":13},"end":{"line":310,"column":null}},"148":{"start":{"line":314,"column":4},"end":{"line":320,"column":null}},"149":{"start":{"line":315,"column":5},"end":{"line":319,"column":null}},"150":{"start":{"line":316,"column":6},"end":{"line":316,"column":null}},"151":{"start":{"line":318,"column":6},"end":{"line":318,"column":null}},"152":{"start":{"line":323,"column":4},"end":{"line":331,"column":null}},"153":{"start":{"line":324,"column":5},"end":{"line":330,"column":null}},"154":{"start":{"line":325,"column":6},"end":{"line":327,"column":null}},"155":{"start":{"line":326,"column":7},"end":{"line":326,"column":null}},"156":{"start":{"line":329,"column":6},"end":{"line":329,"column":null}},"157":{"start":{"line":333,"column":21},"end":{"line":333,"column":null}},"158":{"start":{"line":334,"column":25},"end":{"line":334,"column":null}},"159":{"start":{"line":337,"column":4},"end":{"line":344,"column":null}},"160":{"start":{"line":338,"column":5},"end":{"line":343,"column":null}},"161":{"start":{"line":339,"column":6},"end":{"line":339,"column":null}},"162":{"start":{"line":341,"column":6},"end":{"line":341,"column":null}},"163":{"start":{"line":346,"column":3},"end":{"line":346,"column":null}},"164":{"start":{"line":347,"column":3},"end":{"line":347,"column":null}},"165":{"start":{"line":349,"column":3},"end":{"line":349,"column":null}},"166":{"start":{"line":350,"column":3},"end":{"line":350,"column":null}},"167":{"start":{"line":352,"column":3},"end":{"line":402,"column":null}},"168":{"start":{"line":353,"column":4},"end":{"line":353,"column":null}},"169":{"start":{"line":354,"column":4},"end":{"line":357,"column":null}},"170":{"start":{"line":360,"column":4},"end":{"line":370,"column":null}},"171":{"start":{"line":361,"column":5},"end":{"line":363,"column":null}},"172":{"start":{"line":365,"column":5},"end":{"line":367,"column":null}},"173":{"start":{"line":366,"column":6},"end":{"line":366,"column":null}},"174":{"start":{"line":368,"column":5},"end":{"line":368,"column":null}},"175":{"start":{"line":369,"column":5},"end":{"line":369,"column":null}},"176":{"start":{"line":372,"column":23},"end":{"line":372,"column":null}},"177":{"start":{"line":375,"column":4},"end":{"line":397,"column":null}},"178":{"start":{"line":379,"column":21},"end":{"line":379,"column":null}},"179":{"start":{"line":380,"column":5},"end":{"line":385,"column":null}},"180":{"start":{"line":382,"column":21},"end":{"line":382,"column":null}},"181":{"start":{"line":383,"column":7},"end":{"line":383,"column":null}},"182":{"start":{"line":386,"column":4},"end":{"line":397,"column":null}},"183":{"start":{"line":388,"column":20},"end":{"line":388,"column":null}},"184":{"start":{"line":389,"column":5},"end":{"line":394,"column":null}},"185":{"start":{"line":392,"column":8},"end":{"line":392,"column":null}},"186":{"start":{"line":395,"column":4},"end":{"line":397,"column":null}},"187":{"start":{"line":396,"column":5},"end":{"line":396,"column":null}},"188":{"start":{"line":399,"column":4},"end":{"line":399,"column":null}},"189":{"start":{"line":401,"column":4},"end":{"line":401,"column":null}},"190":{"start":{"line":404,"column":3},"end":{"line":404,"column":null}},"191":{"start":{"line":408,"column":1},"end":{"line":408,"column":null}},"192":{"start":{"line":408,"column":14},"end":{"line":408,"column":null}},"193":{"start":{"line":410,"column":1},"end":{"line":769,"column":null}},"194":{"start":{"line":431,"column":8},"end":{"line":431,"column":null}},"195":{"start":{"line":438,"column":8},"end":{"line":440,"column":null}},"196":{"start":{"line":451,"column":8},"end":{"line":451,"column":null}},"197":{"start":{"line":466,"column":8},"end":{"line":466,"column":null}},"198":{"start":{"line":480,"column":8},"end":{"line":480,"column":null}},"199":{"start":{"line":497,"column":9},"end":{"line":497,"column":null}},"200":{"start":{"line":516,"column":9},"end":{"line":516,"column":null}},"201":{"start":{"line":610,"column":25},"end":{"line":615,"column":null}},"202":{"start":{"line":616,"column":23},"end":{"line":622,"column":null}},"203":{"start":{"line":623,"column":11},"end":{"line":632,"column":null}},"204":{"start":{"line":664,"column":25},"end":{"line":664,"column":null}},"205":{"start":{"line":673,"column":11},"end":{"line":689,"column":null}},"206":{"start":{"line":677,"column":13},"end":{"line":677,"column":null}},"207":{"start":{"line":678,"column":13},"end":{"line":678,"column":null}},"208":{"start":{"line":709,"column":30},"end":{"line":709,"column":null}},"209":{"start":{"line":709,"column":48},"end":{"line":709,"column":63}},"210":{"start":{"line":710,"column":10},"end":{"line":710,"column":null}},"211":{"start":{"line":710,"column":28},"end":{"line":710,"column":null}},"212":{"start":{"line":711,"column":10},"end":{"line":732,"column":null}},"213":{"start":{"line":726,"column":28},"end":{"line":726,"column":null}}},"fnMap":{"0":{"name":"(anonymous_0)","decl":{"start":{"line":18,"column":21},"end":{"line":18,"column":22}},"loc":{"start":{"line":23,"column":25},"end":{"line":771,"column":null}},"line":23},"1":{"name":"(anonymous_1)","decl":{"start":{"line":44,"column":11},"end":{"line":44,"column":17}},"loc":{"start":{"line":44,"column":17},"end":{"line":75,"column":4}},"line":44},"2":{"name":"(anonymous_2)","decl":{"start":{"line":77,"column":20},"end":{"line":77,"column":32}},"loc":{"start":{"line":77,"column":32},"end":{"line":84,"column":null}},"line":77},"3":{"name":"(anonymous_3)","decl":{"start":{"line":86,"column":20},"end":{"line":86,"column":32}},"loc":{"start":{"line":86,"column":32},"end":{"line":100,"column":null}},"line":86},"4":{"name":"(anonymous_4)","decl":{"start":{"line":91,"column":28},"end":{"line":91,"column":29}},"loc":{"start":{"line":91,"column":35},"end":{"line":91,"column":52}},"line":91},"5":{"name":"(anonymous_5)","decl":{"start":{"line":102,"column":31},"end":{"line":102,"column":38}},"loc":{"start":{"line":102,"column":60},"end":{"line":113,"column":null}},"line":102},"6":{"name":"(anonymous_6)","decl":{"start":{"line":105,"column":35},"end":{"line":105,"column":36}},"loc":{"start":{"line":105,"column":44},"end":{"line":105,"column":55}},"line":105},"7":{"name":"(anonymous_7)","decl":{"start":{"line":115,"column":27},"end":{"line":115,"column":34}},"loc":{"start":{"line":115,"column":67},"end":{"line":138,"column":null}},"line":115},"8":{"name":"(anonymous_8)","decl":{"start":{"line":129,"column":22},"end":{"line":129,"column":23}},"loc":{"start":{"line":129,"column":38},"end":{"line":129,"column":57}},"line":129},"9":{"name":"(anonymous_9)","decl":{"start":{"line":140,"column":27},"end":{"line":140,"column":null}},"loc":{"start":{"line":143,"column":22},"end":{"line":161,"column":null}},"line":143},"10":{"name":"(anonymous_10)","decl":{"start":{"line":164,"column":11},"end":{"line":164,"column":17}},"loc":{"start":{"line":164,"column":17},"end":{"line":168,"column":4}},"line":164},"11":{"name":"(anonymous_11)","decl":{"start":{"line":177,"column":27},"end":{"line":177,"column":48}},"loc":{"start":{"line":177,"column":48},"end":{"line":186,"column":null}},"line":177},"12":{"name":"(anonymous_12)","decl":{"start":{"line":192,"column":26},"end":{"line":192,"column":27}},"loc":{"start":{"line":192,"column":46},"end":{"line":203,"column":null}},"line":192},"13":{"name":"(anonymous_13)","decl":{"start":{"line":205,"column":29},"end":{"line":205,"column":30}},"loc":{"start":{"line":205,"column":49},"end":{"line":207,"column":null}},"line":205},"14":{"name":"(anonymous_14)","decl":{"start":{"line":206,"column":46},"end":{"line":206,"column":47}},"loc":{"start":{"line":206,"column":54},"end":{"line":206,"column":67}},"line":206},"15":{"name":"(anonymous_15)","decl":{"start":{"line":209,"column":26},"end":{"line":209,"column":32}},"loc":{"start":{"line":209,"column":32},"end":{"line":218,"column":null}},"line":209},"16":{"name":"(anonymous_16)","decl":{"start":{"line":213,"column":3},"end":{"line":213,"column":4}},"loc":{"start":{"line":214,"column":4},"end":{"line":216,"column":null}},"line":214},"17":{"name":"(anonymous_17)","decl":{"start":{"line":220,"column":22},"end":{"line":220,"column":29}},"loc":{"start":{"line":220,"column":46},"end":{"line":406,"column":null}},"line":220},"18":{"name":"(anonymous_18)","decl":{"start":{"line":307,"column":5},"end":{"line":307,"column":6}},"loc":{"start":{"line":307,"column":13},"end":{"line":307,"column":null}},"line":307},"19":{"name":"(anonymous_19)","decl":{"start":{"line":310,"column":5},"end":{"line":310,"column":6}},"loc":{"start":{"line":310,"column":13},"end":{"line":310,"column":null}},"line":310},"20":{"name":"(anonymous_20)","decl":{"start":{"line":381,"column":11},"end":{"line":381,"column":12}},"loc":{"start":{"line":381,"column":28},"end":{"line":384,"column":7}},"line":381},"21":{"name":"(anonymous_21)","decl":{"start":{"line":391,"column":7},"end":{"line":391,"column":8}},"loc":{"start":{"line":392,"column":8},"end":{"line":392,"column":null}},"line":392},"22":{"name":"(anonymous_22)","decl":{"start":{"line":430,"column":17},"end":{"line":430,"column":18}},"loc":{"start":{"line":431,"column":8},"end":{"line":431,"column":null}},"line":431},"23":{"name":"(anonymous_23)","decl":{"start":{"line":437,"column":18},"end":{"line":437,"column":19}},"loc":{"start":{"line":438,"column":8},"end":{"line":440,"column":null}},"line":438},"24":{"name":"(anonymous_24)","decl":{"start":{"line":450,"column":17},"end":{"line":450,"column":18}},"loc":{"start":{"line":451,"column":8},"end":{"line":451,"column":null}},"line":451},"25":{"name":"(anonymous_25)","decl":{"start":{"line":465,"column":17},"end":{"line":465,"column":18}},"loc":{"start":{"line":466,"column":8},"end":{"line":466,"column":null}},"line":466},"26":{"name":"(anonymous_26)","decl":{"start":{"line":479,"column":17},"end":{"line":479,"column":18}},"loc":{"start":{"line":480,"column":8},"end":{"line":480,"column":null}},"line":480},"27":{"name":"(anonymous_27)","decl":{"start":{"line":496,"column":18},"end":{"line":496,"column":19}},"loc":{"start":{"line":497,"column":9},"end":{"line":497,"column":null}},"line":497},"28":{"name":"(anonymous_28)","decl":{"start":{"line":515,"column":18},"end":{"line":515,"column":19}},"loc":{"start":{"line":516,"column":9},"end":{"line":516,"column":null}},"line":516},"29":{"name":"(anonymous_29)","decl":{"start":{"line":609,"column":32},"end":{"line":609,"column":33}},"loc":{"start":{"line":609,"column":45},"end":{"line":634,"column":11}},"line":609},"30":{"name":"(anonymous_30)","decl":{"start":{"line":664,"column":18},"end":{"line":664,"column":19}},"loc":{"start":{"line":664,"column":25},"end":{"line":664,"column":null}},"line":664},"31":{"name":"(anonymous_31)","decl":{"start":{"line":672,"column":33},"end":{"line":672,"column":34}},"loc":{"start":{"line":673,"column":11},"end":{"line":689,"column":null}},"line":673},"32":{"name":"(anonymous_32)","decl":{"start":{"line":676,"column":21},"end":{"line":676,"column":27}},"loc":{"start":{"line":676,"column":27},"end":{"line":679,"column":null}},"line":676},"33":{"name":"(anonymous_33)","decl":{"start":{"line":708,"column":31},"end":{"line":708,"column":32}},"loc":{"start":{"line":708,"column":43},"end":{"line":734,"column":10}},"line":708},"34":{"name":"(anonymous_34)","decl":{"start":{"line":709,"column":41},"end":{"line":709,"column":42}},"loc":{"start":{"line":709,"column":48},"end":{"line":709,"column":63}},"line":709},"35":{"name":"(anonymous_35)","decl":{"start":{"line":726,"column":22},"end":{"line":726,"column":28}},"loc":{"start":{"line":726,"column":28},"end":{"line":726,"column":null}},"line":726}},"branchMap":{"0":{"loc":{"start":{"line":45,"column":2},"end":{"line":74,"column":null}},"type":"if","locations":[{"start":{"line":45,"column":2},"end":{"line":74,"column":null}},{"start":{},"end":{}}],"line":45},"1":{"loc":{"start":{"line":48,"column":3},"end":{"line":71,"column":null}},"type":"if","locations":[{"start":{"line":48,"column":3},"end":{"line":71,"column":null}},{"start":{"line":60,"column":10},"end":{"line":71,"column":null}}],"line":48},"2":{"loc":{"start":{"line":54,"column":18},"end":{"line":54,"column":null}},"type":"binary-expr","locations":[{"start":{"line":54,"column":18},"end":{"line":54,"column":41}},{"start":{"line":54,"column":41},"end":{"line":54,"column":null}}],"line":54},"3":{"loc":{"start":{"line":80,"column":12},"end":{"line":80,"column":36}},"type":"binary-expr","locations":[{"start":{"line":80,"column":12},"end":{"line":80,"column":34}},{"start":{"line":80,"column":34},"end":{"line":80,"column":36}}],"line":80},"4":{"loc":{"start":{"line":116,"column":2},"end":{"line":119,"column":null}},"type":"if","locations":[{"start":{"line":116,"column":2},"end":{"line":119,"column":null}},{"start":{},"end":{}}],"line":116},"5":{"loc":{"start":{"line":116,"column":6},"end":{"line":116,"column":24}},"type":"binary-expr","locations":[{"start":{"line":116,"column":6},"end":{"line":116,"column":17}},{"start":{"line":116,"column":17},"end":{"line":116,"column":24}}],"line":116},"6":{"loc":{"start":{"line":127,"column":20},"end":{"line":127,"column":null}},"type":"binary-expr","locations":[{"start":{"line":127,"column":20},"end":{"line":127,"column":42}},{"start":{"line":127,"column":42},"end":{"line":127,"column":null}}],"line":127},"7":{"loc":{"start":{"line":128,"column":28},"end":{"line":130,"column":null}},"type":"cond-expr","locations":[{"start":{"line":129,"column":6},"end":{"line":129,"column":null}},{"start":{"line":130,"column":6},"end":{"line":130,"column":null}}],"line":128},"8":{"loc":{"start":{"line":144,"column":2},"end":{"line":145,"column":null}},"type":"if","locations":[{"start":{"line":144,"column":2},"end":{"line":145,"column":null}},{"start":{},"end":{}}],"line":144},"9":{"loc":{"start":{"line":144,"column":6},"end":{"line":144,"column":null}},"type":"binary-expr","locations":[{"start":{"line":144,"column":6},"end":{"line":144,"column":20}},{"start":{"line":144,"column":20},"end":{"line":144,"column":32}},{"start":{"line":144,"column":32},"end":{"line":144,"column":50}},{"start":{"line":144,"column":50},"end":{"line":144,"column":null}}],"line":144},"10":{"loc":{"start":{"line":155,"column":3},"end":{"line":157,"column":null}},"type":"if","locations":[{"start":{"line":155,"column":3},"end":{"line":157,"column":null}},{"start":{},"end":{}}],"line":155},"11":{"loc":{"start":{"line":155,"column":7},"end":{"line":155,"column":57}},"type":"binary-expr","locations":[{"start":{"line":155,"column":7},"end":{"line":155,"column":33}},{"start":{"line":155,"column":33},"end":{"line":155,"column":57}}],"line":155},"12":{"loc":{"start":{"line":165,"column":2},"end":{"line":167,"column":null}},"type":"if","locations":[{"start":{"line":165,"column":2},"end":{"line":167,"column":null}},{"start":{},"end":{}}],"line":165},"13":{"loc":{"start":{"line":165,"column":6},"end":{"line":165,"column":41}},"type":"binary-expr","locations":[{"start":{"line":165,"column":6},"end":{"line":165,"column":26}},{"start":{"line":165,"column":26},"end":{"line":165,"column":41}}],"line":165},"14":{"loc":{"start":{"line":178,"column":2},"end":{"line":179,"column":null}},"type":"if","locations":[{"start":{"line":178,"column":2},"end":{"line":179,"column":null}},{"start":{},"end":{}}],"line":178},"15":{"loc":{"start":{"line":178,"column":6},"end":{"line":178,"column":null}},"type":"binary-expr","locations":[{"start":{"line":178,"column":6},"end":{"line":178,"column":30}},{"start":{"line":178,"column":30},"end":{"line":178,"column":52}},{"start":{"line":178,"column":52},"end":{"line":178,"column":null}}],"line":178},"16":{"loc":{"start":{"line":189,"column":28},"end":{"line":189,"column":null}},"type":"binary-expr","locations":[{"start":{"line":189,"column":28},"end":{"line":189,"column":49}},{"start":{"line":189,"column":49},"end":{"line":189,"column":null}}],"line":189},"17":{"loc":{"start":{"line":190,"column":27},"end":{"line":190,"column":null}},"type":"binary-expr","locations":[{"start":{"line":190,"column":27},"end":{"line":190,"column":48}},{"start":{"line":190,"column":48},"end":{"line":190,"column":null}}],"line":190},"18":{"loc":{"start":{"line":193,"column":2},"end":{"line":202,"column":null}},"type":"if","locations":[{"start":{"line":193,"column":2},"end":{"line":202,"column":null}},{"start":{},"end":{}}],"line":193},"19":{"loc":{"start":{"line":195,"column":3},"end":{"line":200,"column":null}},"type":"if","locations":[{"start":{"line":195,"column":3},"end":{"line":200,"column":null}},{"start":{},"end":{}}],"line":195},"20":{"loc":{"start":{"line":210,"column":2},"end":{"line":210,"column":null}},"type":"if","locations":[{"start":{"line":210,"column":2},"end":{"line":210,"column":null}},{"start":{},"end":{}}],"line":210},"21":{"loc":{"start":{"line":214,"column":4},"end":{"line":216,"column":null}},"type":"binary-expr","locations":[{"start":{"line":214,"column":4},"end":{"line":214,"column":null}},{"start":{"line":215,"column":4},"end":{"line":215,"column":null}},{"start":{"line":216,"column":4},"end":{"line":216,"column":null}}],"line":214},"22":{"loc":{"start":{"line":227,"column":3},"end":{"line":231,"column":null}},"type":"if","locations":[{"start":{"line":227,"column":3},"end":{"line":231,"column":null}},{"start":{},"end":{}}],"line":227},"23":{"loc":{"start":{"line":235,"column":3},"end":{"line":239,"column":null}},"type":"if","locations":[{"start":{"line":235,"column":3},"end":{"line":239,"column":null}},{"start":{},"end":{}}],"line":235},"24":{"loc":{"start":{"line":235,"column":7},"end":{"line":235,"column":37}},"type":"binary-expr","locations":[{"start":{"line":235,"column":7},"end":{"line":235,"column":24}},{"start":{"line":235,"column":24},"end":{"line":235,"column":37}}],"line":235},"25":{"loc":{"start":{"line":242,"column":3},"end":{"line":246,"column":null}},"type":"if","locations":[{"start":{"line":242,"column":3},"end":{"line":246,"column":null}},{"start":{},"end":{}}],"line":242},"26":{"loc":{"start":{"line":254,"column":3},"end":{"line":258,"column":null}},"type":"if","locations":[{"start":{"line":254,"column":3},"end":{"line":258,"column":null}},{"start":{},"end":{}}],"line":254},"27":{"loc":{"start":{"line":265,"column":3},"end":{"line":279,"column":null}},"type":"if","locations":[{"start":{"line":265,"column":3},"end":{"line":279,"column":null}},{"start":{},"end":{}}],"line":265},"28":{"loc":{"start":{"line":296,"column":3},"end":{"line":298,"column":null}},"type":"if","locations":[{"start":{"line":296,"column":3},"end":{"line":298,"column":null}},{"start":{},"end":{}}],"line":296},"29":{"loc":{"start":{"line":302,"column":3},"end":{"line":345,"column":null}},"type":"if","locations":[{"start":{"line":302,"column":3},"end":{"line":345,"column":null}},{"start":{"line":332,"column":10},"end":{"line":345,"column":null}}],"line":302},"30":{"loc":{"start":{"line":314,"column":4},"end":{"line":320,"column":null}},"type":"if","locations":[{"start":{"line":314,"column":4},"end":{"line":320,"column":null}},{"start":{},"end":{}}],"line":314},"31":{"loc":{"start":{"line":323,"column":4},"end":{"line":331,"column":null}},"type":"if","locations":[{"start":{"line":323,"column":4},"end":{"line":331,"column":null}},{"start":{},"end":{}}],"line":323},"32":{"loc":{"start":{"line":337,"column":4},"end":{"line":344,"column":null}},"type":"if","locations":[{"start":{"line":337,"column":4},"end":{"line":344,"column":null}},{"start":{},"end":{}}],"line":337},"33":{"loc":{"start":{"line":352,"column":3},"end":{"line":402,"column":null}},"type":"if","locations":[{"start":{"line":352,"column":3},"end":{"line":402,"column":null}},{"start":{"line":400,"column":10},"end":{"line":402,"column":null}}],"line":352},"34":{"loc":{"start":{"line":360,"column":4},"end":{"line":370,"column":null}},"type":"if","locations":[{"start":{"line":360,"column":4},"end":{"line":370,"column":null}},{"start":{},"end":{}}],"line":360},"35":{"loc":{"start":{"line":365,"column":5},"end":{"line":367,"column":null}},"type":"if","locations":[{"start":{"line":365,"column":5},"end":{"line":367,"column":null}},{"start":{},"end":{}}],"line":365},"36":{"loc":{"start":{"line":365,"column":9},"end":{"line":365,"column":44}},"type":"binary-expr","locations":[{"start":{"line":365,"column":9},"end":{"line":365,"column":29}},{"start":{"line":365,"column":29},"end":{"line":365,"column":44}}],"line":365},"37":{"loc":{"start":{"line":375,"column":4},"end":{"line":397,"column":null}},"type":"if","locations":[{"start":{"line":375,"column":4},"end":{"line":397,"column":null}},{"start":{"line":386,"column":4},"end":{"line":397,"column":null}}],"line":375},"38":{"loc":{"start":{"line":376,"column":5},"end":{"line":377,"column":null}},"type":"binary-expr","locations":[{"start":{"line":376,"column":5},"end":{"line":376,"column":null}},{"start":{"line":377,"column":5},"end":{"line":377,"column":null}}],"line":376},"39":{"loc":{"start":{"line":382,"column":21},"end":{"line":382,"column":null}},"type":"binary-expr","locations":[{"start":{"line":382,"column":21},"end":{"line":382,"column":58}},{"start":{"line":382,"column":58},"end":{"line":382,"column":null}}],"line":382},"40":{"loc":{"start":{"line":386,"column":4},"end":{"line":397,"column":null}},"type":"if","locations":[{"start":{"line":386,"column":4},"end":{"line":397,"column":null}},{"start":{"line":395,"column":4},"end":{"line":397,"column":null}}],"line":386},"41":{"loc":{"start":{"line":392,"column":11},"end":{"line":392,"column":43}},"type":"binary-expr","locations":[{"start":{"line":392,"column":11},"end":{"line":392,"column":36}},{"start":{"line":392,"column":36},"end":{"line":392,"column":43}}],"line":392},"42":{"loc":{"start":{"line":395,"column":4},"end":{"line":397,"column":null}},"type":"if","locations":[{"start":{"line":395,"column":4},"end":{"line":397,"column":null}},{"start":{},"end":{}}],"line":395},"43":{"loc":{"start":{"line":408,"column":1},"end":{"line":408,"column":null}},"type":"if","locations":[{"start":{"line":408,"column":1},"end":{"line":408,"column":null}},{"start":{},"end":{}}],"line":408},"44":{"loc":{"start":{"line":415,"column":7},"end":{"line":415,"column":null}},"type":"cond-expr","locations":[{"start":{"line":415,"column":17},"end":{"line":415,"column":34}},{"start":{"line":415,"column":34},"end":{"line":415,"column":null}}],"line":415},"45":{"loc":{"start":{"line":503,"column":9},"end":{"line":505,"column":null}},"type":"cond-expr","locations":[{"start":{"line":504,"column":12},"end":{"line":504,"column":null}},{"start":{"line":505,"column":12},"end":{"line":505,"column":null}}],"line":503},"46":{"loc":{"start":{"line":522,"column":9},"end":{"line":524,"column":null}},"type":"cond-expr","locations":[{"start":{"line":523,"column":12},"end":{"line":523,"column":null}},{"start":{"line":524,"column":12},"end":{"line":524,"column":null}}],"line":522},"47":{"loc":{"start":{"line":530,"column":6},"end":{"line":548,"column":null}},"type":"binary-expr","locations":[{"start":{"line":530,"column":6},"end":{"line":530,"column":null}},{"start":{"line":531,"column":6},"end":{"line":548,"column":null}}],"line":530},"48":{"loc":{"start":{"line":552,"column":6},"end":{"line":569,"column":null}},"type":"binary-expr","locations":[{"start":{"line":552,"column":6},"end":{"line":552,"column":null}},{"start":{"line":553,"column":6},"end":{"line":569,"column":null}}],"line":552},"49":{"loc":{"start":{"line":572,"column":6},"end":{"line":589,"column":null}},"type":"binary-expr","locations":[{"start":{"line":572,"column":6},"end":{"line":572,"column":null}},{"start":{"line":573,"column":6},"end":{"line":589,"column":null}}],"line":572},"50":{"loc":{"start":{"line":597,"column":6},"end":{"line":638,"column":null}},"type":"binary-expr","locations":[{"start":{"line":597,"column":6},"end":{"line":597,"column":26}},{"start":{"line":597,"column":26},"end":{"line":597,"column":43}},{"start":{"line":597,"column":43},"end":{"line":597,"column":null}},{"start":{"line":598,"column":6},"end":{"line":638,"column":null}}],"line":597},"51":{"loc":{"start":{"line":641,"column":6},"end":{"line":647,"column":null}},"type":"binary-expr","locations":[{"start":{"line":641,"column":6},"end":{"line":641,"column":null}},{"start":{"line":642,"column":6},"end":{"line":647,"column":null}}],"line":641},"52":{"loc":{"start":{"line":669,"column":8},"end":{"line":696,"column":null}},"type":"binary-expr","locations":[{"start":{"line":669,"column":8},"end":{"line":669,"column":null}},{"start":{"line":670,"column":8},"end":{"line":696,"column":null}}],"line":669},"53":{"loc":{"start":{"line":671,"column":10},"end":{"line":694,"column":null}},"type":"cond-expr","locations":[{"start":{"line":672,"column":10},"end":{"line":690,"column":null}},{"start":{"line":692,"column":10},"end":{"line":694,"column":null}}],"line":671},"54":{"loc":{"start":{"line":701,"column":7},"end":{"line":736,"column":null}},"type":"binary-expr","locations":[{"start":{"line":701,"column":7},"end":{"line":701,"column":null}},{"start":{"line":702,"column":7},"end":{"line":736,"column":null}}],"line":701},"55":{"loc":{"start":{"line":705,"column":10},"end":{"line":705,"column":62}},"type":"cond-expr","locations":[{"start":{"line":705,"column":42},"end":{"line":705,"column":53}},{"start":{"line":705,"column":53},"end":{"line":705,"column":62}}],"line":705},"56":{"loc":{"start":{"line":710,"column":10},"end":{"line":710,"column":null}},"type":"if","locations":[{"start":{"line":710,"column":10},"end":{"line":710,"column":null}},{"start":{},"end":{}}],"line":710},"57":{"loc":{"start":{"line":740,"column":6},"end":{"line":743,"column":null}},"type":"binary-expr","locations":[{"start":{"line":740,"column":6},"end":{"line":740,"column":null}},{"start":{"line":741,"column":6},"end":{"line":743,"column":null}}],"line":740},"58":{"loc":{"start":{"line":757,"column":8},"end":{"line":760,"column":null}},"type":"binary-expr","locations":[{"start":{"line":757,"column":8},"end":{"line":757,"column":null}},{"start":{"line":758,"column":8},"end":{"line":758,"column":null}},{"start":{"line":759,"column":8},"end":{"line":759,"column":null}},{"start":{"line":760,"column":8},"end":{"line":760,"column":null}}],"line":757},"59":{"loc":{"start":{"line":764,"column":8},"end":{"line":764,"column":null}},"type":"cond-expr","locations":[{"start":{"line":764,"column":20},"end":{"line":764,"column":34}},{"start":{"line":764,"column":34},"end":{"line":764,"column":null}}],"line":764},"60":{"loc":{"start":{"line":764,"column":34},"end":{"line":764,"column":null}},"type":"cond-expr","locations":[{"start":{"line":764,"column":44},"end":{"line":764,"column":55}},{"start":{"line":764,"column":55},"end":{"line":764,"column":null}}],"line":764}},"s":{"0":1,"1":10,"2":10,"3":10,"4":10,"5":10,"6":10,"7":10,"8":10,"9":10,"10":10,"11":10,"12":10,"13":10,"14":5,"15":5,"16":5,"17":5,"18":0,"19":0,"20":0,"21":0,"22":5,"23":5,"24":5,"25":5,"26":5,"27":10,"28":5,"29":5,"30":5,"31":5,"32":10,"33":5,"34":5,"35":5,"36":0,"37":0,"38":0,"39":0,"40":0,"41":0,"42":10,"43":0,"44":0,"45":0,"46":0,"47":0,"48":0,"49":0,"50":0,"51":0,"52":10,"53":0,"54":0,"55":0,"56":0,"57":0,"58":0,"59":0,"60":0,"61":0,"62":0,"63":0,"64":0,"65":0,"66":10,"67":10,"68":10,"69":0,"70":0,"71":0,"72":0,"73":0,"74":0,"75":0,"76":0,"77":10,"78":5,"79":0,"80":10,"81":10,"82":10,"83":10,"84":0,"85":0,"86":0,"87":0,"88":10,"89":10,"90":10,"91":10,"92":0,"93":0,"94":0,"95":0,"96":0,"97":10,"98":0,"99":0,"100":10,"101":0,"102":0,"103":0,"104":0,"105":0,"106":10,"107":0,"108":0,"109":0,"110":0,"111":0,"112":0,"113":0,"114":0,"115":0,"116":0,"117":0,"118":0,"119":0,"120":0,"121":0,"122":0,"123":0,"124":0,"125":0,"126":0,"127":0,"128":0,"129":0,"130":0,"131":0,"132":0,"133":0,"134":0,"135":0,"136":0,"137":0,"138":0,"139":0,"140":0,"141":0,"142":0,"143":0,"144":0,"145":0,"146":0,"147":0,"148":0,"149":0,"150":0,"151":0,"152":0,"153":0,"154":0,"155":0,"156":0,"157":0,"158":0,"159":0,"160":0,"161":0,"162":0,"163":0,"164":0,"165":0,"166":0,"167":0,"168":0,"169":0,"170":0,"171":0,"172":0,"173":0,"174":0,"175":0,"176":0,"177":0,"178":0,"179":0,"180":0,"181":0,"182":0,"183":0,"184":0,"185":0,"186":0,"187":0,"188":0,"189":0,"190":0,"191":10,"192":0,"193":10,"194":0,"195":0,"196":0,"197":0,"198":0,"199":0,"200":0,"201":0,"202":0,"203":0,"204":0,"205":0,"206":0,"207":0,"208":0,"209":0,"210":0,"211":0,"212":0,"213":0},"f":{"0":10,"1":5,"2":5,"3":5,"4":0,"5":0,"6":0,"7":0,"8":0,"9":10,"10":5,"11":10,"12":0,"13":0,"14":0,"15":0,"16":0,"17":0,"18":0,"19":0,"20":0,"21":0,"22":0,"23":0,"24":0,"25":0,"26":0,"27":0,"28":0,"29":0,"30":0,"31":0,"32":0,"33":0,"34":0,"35":0},"b":{"0":[5,0],"1":[0,5],"2":[0,0],"3":[5,0],"4":[0,0],"5":[0,0],"6":[0,0],"7":[0,0],"8":[10,0],"9":[10,5,5,0],"10":[0,0],"11":[0,0],"12":[0,5],"13":[5,0],"14":[10,0],"15":[10,5,5],"16":[10,0],"17":[10,0],"18":[0,0],"19":[0,0],"20":[0,0],"21":[0,0,0],"22":[0,0],"23":[0,0],"24":[0,0],"25":[0,0],"26":[0,0],"27":[0,0],"28":[0,0],"29":[0,0],"30":[0,0],"31":[0,0],"32":[0,0],"33":[0,0],"34":[0,0],"35":[0,0],"36":[0,0],"37":[0,0],"38":[0,0],"39":[0,0],"40":[0,0],"41":[0,0],"42":[0,0],"43":[0,10],"44":[0,10],"45":[0,10],"46":[0,10],"47":[10,0],"48":[10,0],"49":[10,0],"50":[10,0,0,0],"51":[10,0],"52":[10,0],"53":[0,0],"54":[10,0],"55":[0,0],"56":[0,0],"57":[10,0],"58":[10,10,10,10],"59":[0,10],"60":[0,10]},"meta":{"lastBranch":61,"lastFunction":36,"lastStatement":214,"seen":{"s:18:21:771:Infinity":0,"f:18:21:18:22":0,"s:24:14:24:Infinity":1,"s:25:29:25:Infinity":2,"s:26:23:26:Infinity":3,"s:27:23:27:Infinity":4,"s:28:45:28:Infinity":5,"s:29:45:29:Infinity":6,"s:30:33:30:Infinity":7,"s:31:45:31:Infinity":8,"s:32:57:32:Infinity":9,"s:33:29:40:Infinity":10,"s:41:23:41:Infinity":11,"s:42:31:42:Infinity":12,"s:44:1:75:Infinity":13,"f:44:11:44:17":1,"b:45:2:74:Infinity:undefined:undefined:undefined:undefined":0,"s:45:2:74:Infinity":14,"s:46:3:46:Infinity":15,"s:47:3:47:Infinity":16,"b:48:3:71:Infinity:60:10:71:Infinity":1,"s:48:3:71:Infinity":17,"s:49:18:49:Infinity":18,"s:50:16:50:Infinity":19,"s:51:4:58:Infinity":20,"b:54:18:54:41:54:41:54:Infinity":2,"s:59:4:59:Infinity":21,"s:61:4:68:Infinity":22,"s:69:4:69:Infinity":23,"s:70:4:70:Infinity":24,"s:72:3:72:Infinity":25,"s:73:3:73:Infinity":26,"s:77:20:84:Infinity":27,"f:77:20:77:32":2,"s:78:2:83:Infinity":28,"s:79:20:79:Infinity":29,"s:80:3:80:Infinity":30,"b:80:12:80:34:80:34:80:36":3,"s:82:3:82:Infinity":31,"s:86:20:100:Infinity":32,"f:86:20:86:32":3,"s:87:2:99:Infinity":33,"s:89:20:89:Infinity":34,"s:91:3:91:Infinity":35,"f:91:28:91:29":4,"s:91:35:91:52":36,"s:93:3:93:Infinity":37,"s:94:3:94:Infinity":38,"s:95:3:95:Infinity":39,"s:96:3:96:Infinity":40,"s:98:3:98:Infinity":41,"s:102:31:113:Infinity":42,"f:102:31:102:38":5,"s:103:2:112:Infinity":43,"s:104:20:104:Infinity":44,"s:105:22:105:Infinity":45,"f:105:35:105:36":6,"s:105:44:105:55":46,"s:106:3:106:Infinity":47,"s:107:3:107:Infinity":48,"s:109:3:109:Infinity":49,"s:110:3:110:Infinity":50,"s:111:3:111:Infinity":51,"s:115:27:138:Infinity":52,"f:115:27:115:34":7,"b:116:2:119:Infinity:undefined:undefined:undefined:undefined":4,"s:116:2:119:Infinity":53,"b:116:6:116:17:116:17:116:24":5,"s:117:3:117:Infinity":54,"s:118:3:118:Infinity":55,"s:121:2:137:Infinity":56,"s:122:3:122:Infinity":57,"s:123:20:125:Infinity":58,"s:127:20:127:Infinity":59,"b:127:20:127:42:127:42:127:Infinity":6,"s:128:28:130:Infinity":60,"b:129:6:129:Infinity:130:6:130:Infinity":7,"f:129:22:129:23":8,"s:129:38:129:57":61,"s:131:3:131:Infinity":62,"s:133:3:133:Infinity":63,"s:134:3:134:Infinity":64,"s:136:3:136:Infinity":65,"s:140:27:161:Infinity":66,"f:140:27:140:Infinity":9,"b:144:2:145:Infinity:undefined:undefined:undefined:undefined":8,"s:144:2:145:Infinity":67,"b:144:6:144:20:144:20:144:32:144:32:144:50:144:50:144:Infinity":9,"s:145:3:145:Infinity":68,"s:147:19:147:Infinity":69,"s:148:17:148:Infinity":70,"s:150:2:158:Infinity":71,"s:151:25:151:Infinity":72,"s:152:23:152:Infinity":73,"b:155:3:157:Infinity:undefined:undefined:undefined:undefined":10,"s:155:3:157:Infinity":74,"b:155:7:155:33:155:33:155:57":11,"s:156:4:156:Infinity":75,"s:160:2:160:Infinity":76,"s:164:1:168:Infinity":77,"f:164:11:164:17":10,"b:165:2:167:Infinity:undefined:undefined:undefined:undefined":12,"s:165:2:167:Infinity":78,"b:165:6:165:26:165:26:165:41":13,"s:166:3:166:Infinity":79,"s:171:25:174:Infinity":80,"s:177:27:186:Infinity":81,"f:177:27:177:48":11,"b:178:2:179:Infinity:undefined:undefined:undefined:undefined":14,"s:178:2:179:Infinity":82,"b:178:6:178:30:178:30:178:52:178:52:178:Infinity":15,"s:179:3:179:Infinity":83,"s:181:16:181:Infinity":84,"s:182:14:182:Infinity":85,"s:184:8:184:Infinity":86,"s:185:2:185:Infinity":87,"s:188:18:188:Infinity":88,"s:189:28:189:Infinity":89,"b:189:28:189:49:189:49:189:Infinity":16,"s:190:27:190:Infinity":90,"b:190:27:190:48:190:48:190:Infinity":17,"s:192:26:203:Infinity":91,"f:192:26:192:27":12,"b:193:2:202:Infinity:undefined:undefined:undefined:undefined":18,"s:193:2:202:Infinity":92,"b:195:3:200:Infinity:undefined:undefined:undefined:undefined":19,"s:195:3:200:Infinity":93,"s:196:4:198:Infinity":94,"s:199:4:199:Infinity":95,"s:201:3:201:Infinity":96,"s:205:29:207:Infinity":97,"f:205:29:205:30":13,"s:206:2:206:Infinity":98,"f:206:46:206:47":14,"s:206:54:206:67":99,"s:209:26:218:Infinity":100,"f:209:26:209:32":15,"b:210:2:210:Infinity:undefined:undefined:undefined:undefined":20,"s:210:2:210:Infinity":101,"s:210:19:210:Infinity":102,"s:211:17:211:Infinity":103,"s:212:2:217:Infinity":104,"f:213:3:213:4":16,"s:214:4:216:Infinity":105,"b:214:4:214:Infinity:215:4:215:Infinity:216:4:216:Infinity":21,"s:220:22:406:Infinity":106,"f:220:22:220:29":17,"s:221:2:221:Infinity":107,"s:222:2:222:Infinity":108,"s:223:2:223:Infinity":109,"s:225:2:405:Infinity":110,"b:227:3:231:Infinity:undefined:undefined:undefined:undefined":22,"s:227:3:231:Infinity":111,"s:228:4:228:Infinity":112,"s:229:4:229:Infinity":113,"s:230:4:230:Infinity":114,"s:234:18:234:Infinity":115,"b:235:3:239:Infinity:undefined:undefined:undefined:undefined":23,"s:235:3:239:Infinity":116,"b:235:7:235:24:235:24:235:37":24,"s:236:4:236:Infinity":117,"s:237:4:237:Infinity":118,"s:238:4:238:Infinity":119,"b:242:3:246:Infinity:undefined:undefined:undefined:undefined":25,"s:242:3:246:Infinity":120,"s:243:4:243:Infinity":121,"s:244:4:244:Infinity":122,"s:245:4:245:Infinity":123,"s:249:21:253:Infinity":124,"b:254:3:258:Infinity:undefined:undefined:undefined:undefined":26,"s:254:3:258:Infinity":125,"s:255:4:255:Infinity":126,"s:256:4:256:Infinity":127,"s:257:4:257:Infinity":128,"s:261:20:264:Infinity":129,"b:265:3:279:Infinity:undefined:undefined:undefined:undefined":27,"s:265:3:279:Infinity":130,"s:266:26:269:Infinity":131,"s:270:24:273:Infinity":132,"s:274:4:276:Infinity":133,"s:277:4:277:Infinity":134,"s:278:4:278:Infinity":135,"s:282:25:284:Infinity":136,"s:285:23:285:Infinity":137,"s:287:24:293:Infinity":138,"b:296:3:298:Infinity:undefined:undefined:undefined:undefined":28,"s:296:3:298:Infinity":139,"s:297:4:297:Infinity":140,"s:300:3:300:Infinity":141,"b:302:3:345:Infinity:332:10:345:Infinity":29,"s:302:3:345:Infinity":142,"s:303:4:303:Infinity":143,"s:306:26:308:Infinity":144,"f:307:5:307:6":18,"s:307:13:307:Infinity":145,"s:309:29:311:Infinity":146,"f:310:5:310:6":19,"s:310:13:310:Infinity":147,"b:314:4:320:Infinity:undefined:undefined:undefined:undefined":30,"s:314:4:320:Infinity":148,"s:315:5:319:Infinity":149,"s:316:6:316:Infinity":150,"s:318:6:318:Infinity":151,"b:323:4:331:Infinity:undefined:undefined:undefined:undefined":31,"s:323:4:331:Infinity":152,"s:324:5:330:Infinity":153,"s:325:6:327:Infinity":154,"s:326:7:326:Infinity":155,"s:329:6:329:Infinity":156,"s:333:21:333:Infinity":157,"s:334:25:334:Infinity":158,"b:337:4:344:Infinity:undefined:undefined:undefined:undefined":32,"s:337:4:344:Infinity":159,"s:338:5:343:Infinity":160,"s:339:6:339:Infinity":161,"s:341:6:341:Infinity":162,"s:346:3:346:Infinity":163,"s:347:3:347:Infinity":164,"s:349:3:349:Infinity":165,"s:350:3:350:Infinity":166,"b:352:3:402:Infinity:400:10:402:Infinity":33,"s:352:3:402:Infinity":167,"s:353:4:353:Infinity":168,"s:354:4:357:Infinity":169,"b:360:4:370:Infinity:undefined:undefined:undefined:undefined":34,"s:360:4:370:Infinity":170,"s:361:5:363:Infinity":171,"b:365:5:367:Infinity:undefined:undefined:undefined:undefined":35,"s:365:5:367:Infinity":172,"b:365:9:365:29:365:29:365:44":36,"s:366:6:366:Infinity":173,"s:368:5:368:Infinity":174,"s:369:5:369:Infinity":175,"s:372:23:372:Infinity":176,"b:375:4:397:Infinity:386:4:397:Infinity":37,"s:375:4:397:Infinity":177,"b:376:5:376:Infinity:377:5:377:Infinity":38,"s:379:21:379:Infinity":178,"s:380:5:385:Infinity":179,"f:381:11:381:12":20,"s:382:21:382:Infinity":180,"b:382:21:382:58:382:58:382:Infinity":39,"s:383:7:383:Infinity":181,"b:386:4:397:Infinity:395:4:397:Infinity":40,"s:386:4:397:Infinity":182,"s:388:20:388:Infinity":183,"s:389:5:394:Infinity":184,"f:391:7:391:8":21,"s:392:8:392:Infinity":185,"b:392:11:392:36:392:36:392:43":41,"b:395:4:397:Infinity:undefined:undefined:undefined:undefined":42,"s:395:4:397:Infinity":186,"s:396:5:396:Infinity":187,"s:399:4:399:Infinity":188,"s:401:4:401:Infinity":189,"s:404:3:404:Infinity":190,"b:408:1:408:Infinity:undefined:undefined:undefined:undefined":43,"s:408:1:408:Infinity":191,"s:408:14:408:Infinity":192,"s:410:1:769:Infinity":193,"b:415:17:415:34:415:34:415:Infinity":44,"f:430:17:430:18":22,"s:431:8:431:Infinity":194,"f:437:18:437:19":23,"s:438:8:440:Infinity":195,"f:450:17:450:18":24,"s:451:8:451:Infinity":196,"f:465:17:465:18":25,"s:466:8:466:Infinity":197,"f:479:17:479:18":26,"s:480:8:480:Infinity":198,"f:496:18:496:19":27,"s:497:9:497:Infinity":199,"b:504:12:504:Infinity:505:12:505:Infinity":45,"f:515:18:515:19":28,"s:516:9:516:Infinity":200,"b:523:12:523:Infinity:524:12:524:Infinity":46,"b:530:6:530:Infinity:531:6:548:Infinity":47,"b:552:6:552:Infinity:553:6:569:Infinity":48,"b:572:6:572:Infinity:573:6:589:Infinity":49,"b:597:6:597:26:597:26:597:43:597:43:597:Infinity:598:6:638:Infinity":50,"f:609:32:609:33":29,"s:610:25:615:Infinity":201,"s:616:23:622:Infinity":202,"s:623:11:632:Infinity":203,"b:641:6:641:Infinity:642:6:647:Infinity":51,"f:664:18:664:19":30,"s:664:25:664:Infinity":204,"b:669:8:669:Infinity:670:8:696:Infinity":52,"b:672:10:690:Infinity:692:10:694:Infinity":53,"f:672:33:672:34":31,"s:673:11:689:Infinity":205,"f:676:21:676:27":32,"s:677:13:677:Infinity":206,"s:678:13:678:Infinity":207,"b:701:7:701:Infinity:702:7:736:Infinity":54,"b:705:42:705:53:705:53:705:62":55,"f:708:31:708:32":33,"s:709:30:709:Infinity":208,"f:709:41:709:42":34,"s:709:48:709:63":209,"b:710:10:710:Infinity:undefined:undefined:undefined:undefined":56,"s:710:10:710:Infinity":210,"s:710:28:710:Infinity":211,"s:711:10:732:Infinity":212,"f:726:22:726:28":35,"s:726:28:726:Infinity":213,"b:740:6:740:Infinity:741:6:743:Infinity":57,"b:757:8:757:Infinity:758:8:758:Infinity:759:8:759:Infinity:760:8:760:Infinity":58,"b:764:20:764:34:764:34:764:Infinity":59,"b:764:44:764:55:764:55:764:Infinity":60}}}
,"C:\\Users\\kayle\\Desktop\\Coding\\Technical Assessments\\Ionic\\ConferenceRoomBooking_Frontend\\src\\hooks\\useBookingValidation.ts": {"path":"C:\\Users\\kayle\\Desktop\\Coding\\Technical Assessments\\Ionic\\ConferenceRoomBooking_Frontend\\src\\hooks\\useBookingValidation.ts","statementMap":{"0":{"start":{"line":3,"column":36},"end":{"line":102,"column":null}},"1":{"start":{"line":4,"column":29},"end":{"line":51,"column":null}},"2":{"start":{"line":9,"column":2},"end":{"line":11,"column":null}},"3":{"start":{"line":10,"column":3},"end":{"line":10,"column":null}},"4":{"start":{"line":13,"column":16},"end":{"line":13,"column":null}},"5":{"start":{"line":14,"column":14},"end":{"line":14,"column":null}},"6":{"start":{"line":17,"column":2},"end":{"line":19,"column":null}},"7":{"start":{"line":18,"column":3},"end":{"line":18,"column":null}},"8":{"start":{"line":22,"column":2},"end":{"line":24,"column":null}},"9":{"start":{"line":23,"column":3},"end":{"line":23,"column":null}},"10":{"start":{"line":26,"column":8},"end":{"line":26,"column":null}},"11":{"start":{"line":28,"column":2},"end":{"line":30,"column":null}},"12":{"start":{"line":29,"column":3},"end":{"line":29,"column":null}},"13":{"start":{"line":32,"column":2},"end":{"line":36,"column":null}},"14":{"start":{"line":33,"column":3},"end":{"line":35,"column":null}},"15":{"start":{"line":39,"column":24},"end":{"line":39,"column":null}},"16":{"start":{"line":40,"column":22},"end":{"line":40,"column":null}},"17":{"start":{"line":42,"column":2},"end":{"line":44,"column":null}},"18":{"start":{"line":43,"column":3},"end":{"line":43,"column":null}},"19":{"start":{"line":46,"column":2},"end":{"line":48,"column":null}},"20":{"start":{"line":47,"column":3},"end":{"line":47,"column":null}},"21":{"start":{"line":50,"column":2},"end":{"line":50,"column":null}},"22":{"start":{"line":53,"column":27},"end":{"line":81,"column":null}},"23":{"start":{"line":57,"column":2},"end":{"line":59,"column":null}},"24":{"start":{"line":58,"column":3},"end":{"line":58,"column":null}},"25":{"start":{"line":61,"column":16},"end":{"line":61,"column":null}},"26":{"start":{"line":62,"column":14},"end":{"line":62,"column":null}},"27":{"start":{"line":64,"column":2},"end":{"line":66,"column":null}},"28":{"start":{"line":65,"column":3},"end":{"line":65,"column":null}},"29":{"start":{"line":68,"column":2},"end":{"line":70,"column":null}},"30":{"start":{"line":69,"column":3},"end":{"line":69,"column":null}},"31":{"start":{"line":72,"column":19},"end":{"line":74,"column":null}},"32":{"start":{"line":76,"column":2},"end":{"line":78,"column":null}},"33":{"start":{"line":77,"column":3},"end":{"line":77,"column":null}},"34":{"start":{"line":80,"column":2},"end":{"line":80,"column":null}},"35":{"start":{"line":83,"column":29},"end":{"line":95,"column":null}},"36":{"start":{"line":84,"column":2},"end":{"line":86,"column":null}},"37":{"start":{"line":85,"column":3},"end":{"line":85,"column":null}},"38":{"start":{"line":88,"column":23},"end":{"line":88,"column":null}},"39":{"start":{"line":90,"column":2},"end":{"line":92,"column":null}},"40":{"start":{"line":91,"column":3},"end":{"line":91,"column":null}},"41":{"start":{"line":94,"column":2},"end":{"line":94,"column":null}},"42":{"start":{"line":97,"column":1},"end":{"line":101,"column":null}}},"fnMap":{"0":{"name":"(anonymous_0)","decl":{"start":{"line":3,"column":36},"end":{"line":3,"column":42}},"loc":{"start":{"line":3,"column":42},"end":{"line":102,"column":null}},"line":3},"1":{"name":"(anonymous_1)","decl":{"start":{"line":4,"column":29},"end":{"line":4,"column":null}},"loc":{"start":{"line":8,"column":21},"end":{"line":51,"column":null}},"line":8},"2":{"name":"(anonymous_2)","decl":{"start":{"line":53,"column":27},"end":{"line":53,"column":null}},"loc":{"start":{"line":56,"column":21},"end":{"line":81,"column":null}},"line":56},"3":{"name":"(anonymous_3)","decl":{"start":{"line":83,"column":29},"end":{"line":83,"column":30}},"loc":{"start":{"line":83,"column":63},"end":{"line":95,"column":null}},"line":83}},"branchMap":{"0":{"loc":{"start":{"line":9,"column":2},"end":{"line":11,"column":null}},"type":"if","locations":[{"start":{"line":9,"column":2},"end":{"line":11,"column":null}},{"start":{},"end":{}}],"line":9},"1":{"loc":{"start":{"line":9,"column":6},"end":{"line":9,"column":39}},"type":"binary-expr","locations":[{"start":{"line":9,"column":6},"end":{"line":9,"column":20}},{"start":{"line":9,"column":20},"end":{"line":9,"column":32}},{"start":{"line":9,"column":32},"end":{"line":9,"column":39}}],"line":9},"2":{"loc":{"start":{"line":17,"column":2},"end":{"line":19,"column":null}},"type":"if","locations":[{"start":{"line":17,"column":2},"end":{"line":19,"column":null}},{"start":{},"end":{}}],"line":17},"3":{"loc":{"start":{"line":17,"column":6},"end":{"line":17,"column":54}},"type":"binary-expr","locations":[{"start":{"line":17,"column":6},"end":{"line":17,"column":32}},{"start":{"line":17,"column":32},"end":{"line":17,"column":54}}],"line":17},"4":{"loc":{"start":{"line":22,"column":2},"end":{"line":24,"column":null}},"type":"if","locations":[{"start":{"line":22,"column":2},"end":{"line":24,"column":null}},{"start":{},"end":{}}],"line":22},"5":{"loc":{"start":{"line":28,"column":2},"end":{"line":30,"column":null}},"type":"if","locations":[{"start":{"line":28,"column":2},"end":{"line":30,"column":null}},{"start":{},"end":{}}],"line":28},"6":{"loc":{"start":{"line":32,"column":2},"end":{"line":36,"column":null}},"type":"if","locations":[{"start":{"line":32,"column":2},"end":{"line":36,"column":null}},{"start":{},"end":{}}],"line":32},"7":{"loc":{"start":{"line":42,"column":2},"end":{"line":44,"column":null}},"type":"if","locations":[{"start":{"line":42,"column":2},"end":{"line":44,"column":null}},{"start":{},"end":{}}],"line":42},"8":{"loc":{"start":{"line":46,"column":2},"end":{"line":48,"column":null}},"type":"if","locations":[{"start":{"line":46,"column":2},"end":{"line":48,"column":null}},{"start":{},"end":{}}],"line":46},"9":{"loc":{"start":{"line":57,"column":2},"end":{"line":59,"column":null}},"type":"if","locations":[{"start":{"line":57,"column":2},"end":{"line":59,"column":null}},{"start":{},"end":{}}],"line":57},"10":{"loc":{"start":{"line":57,"column":6},"end":{"line":57,"column":30}},"type":"binary-expr","locations":[{"start":{"line":57,"column":6},"end":{"line":57,"column":20}},{"start":{"line":57,"column":20},"end":{"line":57,"column":30}}],"line":57},"11":{"loc":{"start":{"line":64,"column":2},"end":{"line":66,"column":null}},"type":"if","locations":[{"start":{"line":64,"column":2},"end":{"line":66,"column":null}},{"start":{},"end":{}}],"line":64},"12":{"loc":{"start":{"line":64,"column":6},"end":{"line":64,"column":54}},"type":"binary-expr","locations":[{"start":{"line":64,"column":6},"end":{"line":64,"column":32}},{"start":{"line":64,"column":32},"end":{"line":64,"column":54}}],"line":64},"13":{"loc":{"start":{"line":68,"column":2},"end":{"line":70,"column":null}},"type":"if","locations":[{"start":{"line":68,"column":2},"end":{"line":70,"column":null}},{"start":{},"end":{}}],"line":68},"14":{"loc":{"start":{"line":76,"column":2},"end":{"line":78,"column":null}},"type":"if","locations":[{"start":{"line":76,"column":2},"end":{"line":78,"column":null}},{"start":{},"end":{}}],"line":76},"15":{"loc":{"start":{"line":84,"column":2},"end":{"line":86,"column":null}},"type":"if","locations":[{"start":{"line":84,"column":2},"end":{"line":86,"column":null}},{"start":{},"end":{}}],"line":84},"16":{"loc":{"start":{"line":90,"column":2},"end":{"line":92,"column":null}},"type":"if","locations":[{"start":{"line":90,"column":2},"end":{"line":92,"column":null}},{"start":{},"end":{}}],"line":90}},"s":{"0":3,"1":82,"2":12,"3":1,"4":11,"5":11,"6":11,"7":0,"8":11,"9":2,"10":9,"11":9,"12":1,"13":8,"14":1,"15":7,"16":7,"17":7,"18":1,"19":6,"20":1,"21":5,"22":82,"23":7,"24":2,"25":5,"26":5,"27":5,"28":0,"29":5,"30":1,"31":4,"32":4,"33":1,"34":3,"35":82,"36":13,"37":1,"38":12,"39":12,"40":4,"41":8,"42":82},"f":{"0":82,"1":12,"2":7,"3":13},"b":{"0":[1,11],"1":[12,11,11],"2":[0,11],"3":[11,11],"4":[2,9],"5":[1,8],"6":[1,7],"7":[1,6],"8":[1,5],"9":[2,5],"10":[7,6],"11":[0,5],"12":[5,5],"13":[1,4],"14":[1,3],"15":[1,12],"16":[4,8]},"meta":{"lastBranch":17,"lastFunction":4,"lastStatement":43,"seen":{"s:3:36:102:Infinity":0,"f:3:36:3:42":0,"s:4:29:51:Infinity":1,"f:4:29:4:Infinity":1,"b:9:2:11:Infinity:undefined:undefined:undefined:undefined":0,"s:9:2:11:Infinity":2,"b:9:6:9:20:9:20:9:32:9:32:9:39":1,"s:10:3:10:Infinity":3,"s:13:16:13:Infinity":4,"s:14:14:14:Infinity":5,"b:17:2:19:Infinity:undefined:undefined:undefined:undefined":2,"s:17:2:19:Infinity":6,"b:17:6:17:32:17:32:17:54":3,"s:18:3:18:Infinity":7,"b:22:2:24:Infinity:undefined:undefined:undefined:undefined":4,"s:22:2:24:Infinity":8,"s:23:3:23:Infinity":9,"s:26:8:26:Infinity":10,"b:28:2:30:Infinity:undefined:undefined:undefined:undefined":5,"s:28:2:30:Infinity":11,"s:29:3:29:Infinity":12,"b:32:2:36:Infinity:undefined:undefined:undefined:undefined":6,"s:32:2:36:Infinity":13,"s:33:3:35:Infinity":14,"s:39:24:39:Infinity":15,"s:40:22:40:Infinity":16,"b:42:2:44:Infinity:undefined:undefined:undefined:undefined":7,"s:42:2:44:Infinity":17,"s:43:3:43:Infinity":18,"b:46:2:48:Infinity:undefined:undefined:undefined:undefined":8,"s:46:2:48:Infinity":19,"s:47:3:47:Infinity":20,"s:50:2:50:Infinity":21,"s:53:27:81:Infinity":22,"f:53:27:53:Infinity":2,"b:57:2:59:Infinity:undefined:undefined:undefined:undefined":9,"s:57:2:59:Infinity":23,"b:57:6:57:20:57:20:57:30":10,"s:58:3:58:Infinity":24,"s:61:16:61:Infinity":25,"s:62:14:62:Infinity":26,"b:64:2:66:Infinity:undefined:undefined:undefined:undefined":11,"s:64:2:66:Infinity":27,"b:64:6:64:32:64:32:64:54":12,"s:65:3:65:Infinity":28,"b:68:2:70:Infinity:undefined:undefined:undefined:undefined":13,"s:68:2:70:Infinity":29,"s:69:3:69:Infinity":30,"s:72:19:74:Infinity":31,"b:76:2:78:Infinity:undefined:undefined:undefined:undefined":14,"s:76:2:78:Infinity":32,"s:77:3:77:Infinity":33,"s:80:2:80:Infinity":34,"s:83:29:95:Infinity":35,"f:83:29:83:30":3,"b:84:2:86:Infinity:undefined:undefined:undefined:undefined":15,"s:84:2:86:Infinity":36,"s:85:3:85:Infinity":37,"s:88:23:88:Infinity":38,"b:90:2:92:Infinity:undefined:undefined:undefined:undefined":16,"s:90:2:92:Infinity":39,"s:91:3:91:Infinity":40,"s:94:2:94:Infinity":41,"s:97:1:101:Infinity":42}}}
,"C:\\Users\\kayle\\Desktop\\Coding\\Technical Assessments\\Ionic\\ConferenceRoomBooking_Frontend\\src\\lib\\constants.ts": {"path":"C:\\Users\\kayle\\Desktop\\Coding\\Technical Assessments\\Ionic\\ConferenceRoomBooking_Frontend\\src\\lib\\constants.ts","statementMap":{"0":{"start":{"line":1,"column":26},"end":{"line":26,"column":null}},"1":{"start":{"line":28,"column":26},"end":{"line":36,"column":null}}},"fnMap":{},"branchMap":{},"s":{"0":4,"1":4},"f":{},"b":{},"meta":{"lastBranch":0,"lastFunction":0,"lastStatement":2,"seen":{"s:1:26:26:Infinity":0,"s:28:26:36:Infinity":1}}}
}
